<?xml version="1.0" encoding="UTF-8"?>
<!-- Generated by org.testng.reporters.JUnitReportReporter -->
<testsuite hostname="Laptop" failures="0" tests="1" name="Test_Scripts.Demo_Elec_001_Test" time="7.638" errors="0" timestamp="2023-12-29T10:58:56 IST" skipped="0">
  <testcase classname="Test_Scripts.Demo_Elec_001_Test" name="electronic" time="7.638"/>
  <system-out>
clicked on Electronics clicked on CellPhone clicked on PhoneCover Clicked on Add to Cart Successfully  </system-out>
</testsuite> <!-- Test_Scripts.Demo_Elec_001_Test -->
