<?xml version="1.0" encoding="UTF-8"?>
<!-- Generated by org.testng.reporters.JUnitReportReporter -->
<testsuite hostname="Laptop" failures="0" tests="1" name="Test_Scripts.Demo_Comp_004_Test" time="5.481" errors="0" timestamp="2023-12-29T13:23:13 IST" skipped="0">
  <testcase classname="Test_Scripts.Demo_Comp_004_Test" name="Books" time="5.481"/>
  <system-out>
Clicked on Books Clicked on FictionBook Product added to cart Successfully  </system-out>
</testsuite> <!-- Test_Scripts.Demo_Comp_004_Test -->
