<?xml version="1.0" encoding="UTF-8"?>
<!-- Generated by org.testng.reporters.JUnitReportReporter -->
<testsuite hostname="Laptop" failures="0" tests="1" name="Test_Scripts.Demo_Comp_007" time="6.500" errors="0" timestamp="2023-12-28T10:31:25 IST" skipped="0">
  <testcase classname="Test_Scripts.Demo_Comp_007" name="GiftCardsPage" time="6.500"/>
  <system-out/>
</testsuite> <!-- Test_Scripts.Demo_Comp_007 -->
