<?xml version="1.0" encoding="UTF-8"?>
<!-- Generated by org.testng.reporters.JUnitReportReporter -->
<testsuite hostname="Laptop" failures="0" tests="1" name="Test_Scripts.Demo_Comp_003_Test" time="11.838" errors="0" timestamp="2023-12-29T11:10:47 IST" skipped="0">
  <testcase classname="Test_Scripts.Demo_Comp_003_Test" name="Computer" time="11.838"/>
  <system-out>
Click on Login link Email entered successfully Password entered successfully Click on Computer Click on AccessoriesLink Click on TCP coaching  Click on AddYourReview Click on Review Title Entered Review Title successfully Click on Review Text Entered Review Text successfully Click on submit button Click on Review Title Product review is successfully added  </system-out>
</testsuite> <!-- Test_Scripts.Demo_Comp_003_Test -->
