<?xml version="1.0" encoding="UTF-8"?>
<!-- Generated by org.testng.reporters.JUnitReportReporter -->
<testsuite hostname="Laptop" failures="0" tests="1" name="Test_Scripts.Demo_Comp_006_Test" time="10.337" errors="0" timestamp="2023-12-29T16:06:15 IST" skipped="0">
  <testcase classname="Test_Scripts.Demo_Comp_006_Test" name="JeweleryAddToCart" time="10.337"/>
  <system-out>
Click on Login link Email entered successfully Password entered successfully Clicked on Jewelery link Clicked on BlackAndWhite link Clicked on EmailAFriend  </system-out>
</testsuite> <!-- Test_Scripts.Demo_Comp_006_Test -->
