<?xml version="1.0" encoding="UTF-8"?>
<!-- Generated by org.testng.reporters.JUnitReportReporter -->
<testsuite hostname="Laptop" failures="0" tests="1" name="Generic_class.Excel_Sheet" time="0.000" errors="0" timestamp="2023-12-28T10:19:27 IST" skipped="1">
  <testcase classname="Generic_class.Excel_Sheet" name="testCase" time="0.000">
    <skipped/>
  </testcase> <!-- testCase -->
  <system-out/>
</testsuite> <!-- Generic_class.Excel_Sheet -->
