<?xml version="1.0" encoding="UTF-8"?>
<!-- Generated by org.testng.reporters.JUnitReportReporter -->
<testsuite hostname="Laptop" failures="0" tests="1" name="POM.BasePage1" time="2.484" errors="0" timestamp="2023-12-27T12:50:40 IST" skipped="0">
  <testcase classname="POM.BasePage1" name="run" time="2.484"/>
  <system-out/>
</testsuite> <!-- POM.BasePage1 -->
