<?xml version="1.0" encoding="UTF-8"?>
<!-- Generated by org.testng.reporters.JUnitReportReporter -->
<testsuite hostname="Laptop" failures="0" tests="1" name="Test_Scripts.Demo_Comp_005_Test" time="5.736" errors="0" timestamp="2023-12-29T15:05:00 IST" skipped="0">
  <testcase classname="Test_Scripts.Demo_Comp_005_Test" name="DigitalDownloadsPage" time="5.736"/>
  <system-out>
Digital download page displayed Clicked on Music2 link  page Downloaded successfully  </system-out>
</testsuite> <!-- Test_Scripts.Demo_Comp_005_Test -->
