<?xml version="1.0" encoding="UTF-8"?>
<!-- Generated by org.testng.reporters.JUnitReportReporter -->
<testsuite hostname="Laptop" failures="0" tests="1" name="Test_Scripts.Demo_Comp_004" time="5.782" errors="0" timestamp="2023-12-28T10:30:08 IST" skipped="0">
  <testcase classname="Test_Scripts.Demo_Comp_004" name="Books" time="5.782"/>
  <system-out/>
</testsuite> <!-- Test_Scripts.Demo_Comp_004 -->
