<?xml version="1.0" encoding="UTF-8"?>
<!-- Generated by org.testng.reporters.JUnitReportReporter -->
<testsuite hostname="Laptop" failures="0" tests="1" name="Test_Scripts.Demo_Comp_003" time="9.353" errors="0" timestamp="2023-12-28T10:29:30 IST" skipped="0">
  <testcase classname="Test_Scripts.Demo_Comp_003" name="Computer" time="9.353"/>
  <system-out/>
</testsuite> <!-- Test_Scripts.Demo_Comp_003 -->
