<?xml version="1.0" encoding="UTF-8"?>
<!-- Generated by org.testng.reporters.JUnitReportReporter -->
<testsuite hostname="Laptop" failures="0" tests="1" name="Test_Scripts.Demo_Elec_001" time="5.807" errors="0" timestamp="2023-12-28T10:26:12 IST" skipped="0">
  <testcase classname="Test_Scripts.Demo_Elec_001" name="electronic" time="5.807"/>
  <system-out/>
</testsuite> <!-- Test_Scripts.Demo_Elec_001 -->
