<?xml version="1.0" encoding="UTF-8"?>
<!-- Generated by org.testng.reporters.JUnitReportReporter -->
<testsuite hostname="Laptop" failures="0" tests="1" name="Test_Scripts.Demo_Jeans_002_Test" time="6.926" errors="0" timestamp="2023-12-29T11:03:24 IST" skipped="0">
  <testcase classname="Test_Scripts.Demo_Jeans_002_Test" name="BlueJeans" time="6.926"/>
  <system-out>
Clicked on SearchButton Clicked on SortBy Clicked on Display Clicked on VisibleText Clicked on Add to Cart Product added to cart successfully  </system-out>
</testsuite> <!-- Test_Scripts.Demo_Jeans_002_Test -->
